2024-12-03 13:35:03,531 [INFO]: start
2024-12-03 13:35:03,548 [INFO]: Generated files for Red in directories 20241203133503\Red\ContainerAPI and 20241203133503\Red\RewritePath successfully.
2024-12-03 13:35:03,556 [INFO]: Generated files for Blue in directories 20241203133503\Blue\ContainerAPI and 20241203133503\Blue\RewritePath successfully.
2024-12-03 13:35:03,566 [INFO]: Generated files for Yellow in directories 20241203133503\Yellow\ContainerAPI and 20241203133503\Yellow\RewritePath successfully.
2024-12-03 13:35:03,574 [INFO]: Generated files for AWSYellow in directories 20241203133503\AWSYellow\ContainerAPI and 20241203133503\AWSYellow\RewritePath successfully.
2024-12-03 13:35:03,581 [INFO]: Generated files for Red in directories 20241203133503\Red\ContainerAPI and 20241203133503\Red\RewritePath successfully.
2024-12-03 13:35:03,589 [INFO]: Generated files for Blue in directories 20241203133503\Blue\ContainerAPI and 20241203133503\Blue\RewritePath successfully.
2024-12-03 13:35:03,596 [INFO]: Generated files for Yellow in directories 20241203133503\Yellow\ContainerAPI and 20241203133503\Yellow\RewritePath successfully.
2024-12-03 13:35:03,604 [INFO]: Generated files for AWSYellow in directories 20241203133503\AWSYellow\ContainerAPI and 20241203133503\AWSYellow\RewritePath successfully.
2024-12-03 16:39:58,140 [INFO]: start
2024-12-03 16:39:58,154 [INFO]: Generated files for Red in directories 20241203163958\Red\ContainerAPI and 20241203163958\Red\RewritePath successfully.
2024-12-03 16:39:58,161 [INFO]: Generated files for Blue in directories 20241203163958\Blue\ContainerAPI and 20241203163958\Blue\RewritePath successfully.
2024-12-03 16:39:58,168 [INFO]: Generated files for Yellow in directories 20241203163958\Yellow\ContainerAPI and 20241203163958\Yellow\RewritePath successfully.
2024-12-03 16:39:58,179 [INFO]: Generated files for AWSYellow in directories 20241203163958\AWSYellow\ContainerAPI and 20241203163958\AWSYellow\RewritePath successfully.
2024-12-03 16:39:58,187 [INFO]: Generated files for Red in directories 20241203163958\Red\ContainerAPI and 20241203163958\Red\RewritePath successfully.
2024-12-03 16:39:58,195 [INFO]: Generated files for Blue in directories 20241203163958\Blue\ContainerAPI and 20241203163958\Blue\RewritePath successfully.
2024-12-03 16:39:58,201 [INFO]: Generated files for Yellow in directories 20241203163958\Yellow\ContainerAPI and 20241203163958\Yellow\RewritePath successfully.
2024-12-03 16:39:58,212 [INFO]: Generated files for AWSYellow in directories 20241203163958\AWSYellow\ContainerAPI and 20241203163958\AWSYellow\RewritePath successfully.
2024-12-04 15:07:41,729 [INFO]: start
2024-12-04 15:07:41,746 [INFO]: Generated files for Red in directories 20241204150741\Red\ContainerAPI and 20241204150741\Red\RewritePath successfully.
2024-12-04 15:07:41,758 [INFO]: Generated files for Blue in directories 20241204150741\Blue\ContainerAPI and 20241204150741\Blue\RewritePath successfully.
2024-12-04 15:07:41,768 [INFO]: Generated files for Yellow in directories 20241204150741\Yellow\ContainerAPI and 20241204150741\Yellow\RewritePath successfully.
2024-12-04 15:07:41,776 [INFO]: Generated files for AWSYellow in directories 20241204150741\AWSYellow\ContainerAPI and 20241204150741\AWSYellow\RewritePath successfully.
2024-12-04 15:07:41,785 [INFO]: Generated files for Red in directories 20241204150741\Red\ContainerAPI and 20241204150741\Red\RewritePath successfully.
2024-12-04 15:07:41,791 [INFO]: Generated files for Blue in directories 20241204150741\Blue\ContainerAPI and 20241204150741\Blue\RewritePath successfully.
2024-12-04 15:07:41,798 [INFO]: Generated files for Yellow in directories 20241204150741\Yellow\ContainerAPI and 20241204150741\Yellow\RewritePath successfully.
2024-12-04 15:07:41,804 [INFO]: Generated files for AWSYellow in directories 20241204150741\AWSYellow\ContainerAPI and 20241204150741\AWSYellow\RewritePath successfully.
2024-12-04 15:11:14,192 [INFO]: start
2024-12-04 15:11:14,207 [INFO]: Generated files for Red in directories 20241204151114\Red\ContainerAPI and 20241204151114\Red\RewritePath successfully.
2024-12-04 15:11:14,216 [INFO]: Generated files for Blue in directories 20241204151114\Blue\ContainerAPI and 20241204151114\Blue\RewritePath successfully.
2024-12-04 15:11:14,225 [INFO]: Generated files for Yellow in directories 20241204151114\Yellow\ContainerAPI and 20241204151114\Yellow\RewritePath successfully.
2024-12-04 15:11:14,233 [INFO]: Generated files for AWSYellow in directories 20241204151114\AWSYellow\ContainerAPI and 20241204151114\AWSYellow\RewritePath successfully.
2024-12-04 15:11:38,044 [INFO]: start
2024-12-04 15:11:38,060 [INFO]: Generated files for Red in directories 20241204151138\Red\ContainerAPI and 20241204151138\Red\RewritePath successfully.
2024-12-04 15:11:38,070 [INFO]: Generated files for Blue in directories 20241204151138\Blue\ContainerAPI and 20241204151138\Blue\RewritePath successfully.
2024-12-04 15:11:38,080 [INFO]: Generated files for Yellow in directories 20241204151138\Yellow\ContainerAPI and 20241204151138\Yellow\RewritePath successfully.
2024-12-04 15:11:38,089 [INFO]: Generated files for AWSYellow in directories 20241204151138\AWSYellow\ContainerAPI and 20241204151138\AWSYellow\RewritePath successfully.
2024-12-04 15:22:44,542 [INFO]: start
2024-12-04 15:22:44,557 [INFO]: Generated files for Red in directories 20241204152244\Red\ContainerAPI and 20241204152244\Red\RewritePath successfully.
2024-12-04 15:22:44,564 [INFO]: Generated files for Blue in directories 20241204152244\Blue\ContainerAPI and 20241204152244\Blue\RewritePath successfully.
2024-12-04 15:22:44,572 [INFO]: Generated files for Yellow in directories 20241204152244\Yellow\ContainerAPI and 20241204152244\Yellow\RewritePath successfully.
2024-12-04 15:22:44,578 [INFO]: Generated files for AWSYellow in directories 20241204152244\AWSYellow\ContainerAPI and 20241204152244\AWSYellow\RewritePath successfully.
2024-12-04 15:22:44,586 [INFO]: Generated files for Red in directories 20241204152244\Red\ContainerAPI and 20241204152244\Red\RewritePath successfully.
2024-12-04 15:22:44,592 [INFO]: Generated files for Blue in directories 20241204152244\Blue\ContainerAPI and 20241204152244\Blue\RewritePath successfully.
2024-12-04 15:22:44,597 [INFO]: Generated files for Yellow in directories 20241204152244\Yellow\ContainerAPI and 20241204152244\Yellow\RewritePath successfully.
2024-12-04 15:22:44,605 [INFO]: Generated files for AWSYellow in directories 20241204152244\AWSYellow\ContainerAPI and 20241204152244\AWSYellow\RewritePath successfully.
2024-12-04 15:22:44,612 [INFO]: Generated files for Red in directories 20241204152244\Red\ContainerAPI and 20241204152244\Red\RewritePath successfully.
2024-12-04 15:22:44,618 [INFO]: Generated files for Blue in directories 20241204152244\Blue\ContainerAPI and 20241204152244\Blue\RewritePath successfully.
2024-12-04 15:22:44,627 [INFO]: Generated files for Yellow in directories 20241204152244\Yellow\ContainerAPI and 20241204152244\Yellow\RewritePath successfully.
2024-12-04 15:22:44,633 [INFO]: Generated files for AWSYellow in directories 20241204152244\AWSYellow\ContainerAPI and 20241204152244\AWSYellow\RewritePath successfully.
2024-12-04 15:22:44,640 [INFO]: Generated files for Red in directories 20241204152244\Red\ContainerAPI and 20241204152244\Red\RewritePath successfully.
2024-12-04 15:22:44,647 [INFO]: Generated files for Blue in directories 20241204152244\Blue\ContainerAPI and 20241204152244\Blue\RewritePath successfully.
2024-12-04 15:22:44,652 [INFO]: Generated files for Yellow in directories 20241204152244\Yellow\ContainerAPI and 20241204152244\Yellow\RewritePath successfully.
2024-12-04 15:22:44,659 [INFO]: Generated files for AWSYellow in directories 20241204152244\AWSYellow\ContainerAPI and 20241204152244\AWSYellow\RewritePath successfully.
2024-12-04 15:22:44,667 [INFO]: Generated files for Red in directories 20241204152244\Red\ContainerAPI and 20241204152244\Red\RewritePath successfully.
2024-12-04 15:22:44,675 [INFO]: Generated files for Blue in directories 20241204152244\Blue\ContainerAPI and 20241204152244\Blue\RewritePath successfully.
2024-12-04 15:22:44,681 [INFO]: Generated files for Yellow in directories 20241204152244\Yellow\ContainerAPI and 20241204152244\Yellow\RewritePath successfully.
2024-12-04 15:22:44,687 [INFO]: Generated files for AWSYellow in directories 20241204152244\AWSYellow\ContainerAPI and 20241204152244\AWSYellow\RewritePath successfully.
2024-12-04 15:22:44,694 [INFO]: Generated files for Red in directories 20241204152244\Red\ContainerAPI and 20241204152244\Red\RewritePath successfully.
2024-12-04 15:22:44,701 [INFO]: Generated files for Blue in directories 20241204152244\Blue\ContainerAPI and 20241204152244\Blue\RewritePath successfully.
2024-12-04 15:22:44,710 [INFO]: Generated files for Yellow in directories 20241204152244\Yellow\ContainerAPI and 20241204152244\Yellow\RewritePath successfully.
2024-12-04 15:22:44,717 [INFO]: Generated files for AWSYellow in directories 20241204152244\AWSYellow\ContainerAPI and 20241204152244\AWSYellow\RewritePath successfully.
2024-12-10 17:17:47,436 [INFO]: start
2024-12-10 17:17:47,453 [INFO]: Generated files for Red in directories 20241210171747\Red\ContainerAPI and 20241210171747\Red\RewritePath successfully.
2024-12-10 17:17:47,461 [INFO]: Generated files for Blue in directories 20241210171747\Blue\ContainerAPI and 20241210171747\Blue\RewritePath successfully.
2024-12-10 17:17:47,471 [INFO]: Generated files for Yellow in directories 20241210171747\Yellow\ContainerAPI and 20241210171747\Yellow\RewritePath successfully.
2024-12-10 17:17:47,481 [INFO]: Generated files for AWSYellow in directories 20241210171747\AWSYellow\ContainerAPI and 20241210171747\AWSYellow\RewritePath successfully.
2024-12-10 17:17:47,492 [INFO]: Generated files for Red in directories 20241210171747\Red\ContainerAPI and 20241210171747\Red\RewritePath successfully.
2024-12-10 17:17:47,501 [INFO]: Generated files for Blue in directories 20241210171747\Blue\ContainerAPI and 20241210171747\Blue\RewritePath successfully.
2024-12-10 17:17:47,508 [INFO]: Generated files for Yellow in directories 20241210171747\Yellow\ContainerAPI and 20241210171747\Yellow\RewritePath successfully.
2024-12-10 17:17:47,517 [INFO]: Generated files for AWSYellow in directories 20241210171747\AWSYellow\ContainerAPI and 20241210171747\AWSYellow\RewritePath successfully.
2024-12-10 17:17:47,528 [INFO]: Generated files for Red in directories 20241210171747\Red\ContainerAPI and 20241210171747\Red\RewritePath successfully.
2024-12-10 17:17:47,536 [INFO]: Generated files for Blue in directories 20241210171747\Blue\ContainerAPI and 20241210171747\Blue\RewritePath successfully.
2024-12-10 17:17:47,547 [INFO]: Generated files for Yellow in directories 20241210171747\Yellow\ContainerAPI and 20241210171747\Yellow\RewritePath successfully.
2024-12-10 17:17:47,554 [INFO]: Generated files for AWSYellow in directories 20241210171747\AWSYellow\ContainerAPI and 20241210171747\AWSYellow\RewritePath successfully.
2024-12-10 17:17:47,566 [INFO]: Generated files for Red in directories 20241210171747\Red\ContainerAPI and 20241210171747\Red\RewritePath successfully.
2024-12-10 17:17:47,573 [INFO]: Generated files for Blue in directories 20241210171747\Blue\ContainerAPI and 20241210171747\Blue\RewritePath successfully.
2024-12-10 17:17:47,582 [INFO]: Generated files for Yellow in directories 20241210171747\Yellow\ContainerAPI and 20241210171747\Yellow\RewritePath successfully.
2024-12-10 17:17:47,590 [INFO]: Generated files for AWSYellow in directories 20241210171747\AWSYellow\ContainerAPI and 20241210171747\AWSYellow\RewritePath successfully.
2024-12-10 17:17:47,599 [INFO]: Generated files for Red in directories 20241210171747\Red\ContainerAPI and 20241210171747\Red\RewritePath successfully.
2024-12-10 17:17:47,608 [INFO]: Generated files for Blue in directories 20241210171747\Blue\ContainerAPI and 20241210171747\Blue\RewritePath successfully.
2024-12-10 17:17:47,617 [INFO]: Generated files for Yellow in directories 20241210171747\Yellow\ContainerAPI and 20241210171747\Yellow\RewritePath successfully.
2024-12-10 17:17:47,628 [INFO]: Generated files for AWSYellow in directories 20241210171747\AWSYellow\ContainerAPI and 20241210171747\AWSYellow\RewritePath successfully.
2024-12-10 17:17:47,638 [INFO]: Generated files for Red in directories 20241210171747\Red\ContainerAPI and 20241210171747\Red\RewritePath successfully.
2024-12-10 17:17:47,648 [INFO]: Generated files for Blue in directories 20241210171747\Blue\ContainerAPI and 20241210171747\Blue\RewritePath successfully.
2024-12-10 17:17:47,656 [INFO]: Generated files for Yellow in directories 20241210171747\Yellow\ContainerAPI and 20241210171747\Yellow\RewritePath successfully.
2024-12-10 17:17:47,666 [INFO]: Generated files for AWSYellow in directories 20241210171747\AWSYellow\ContainerAPI and 20241210171747\AWSYellow\RewritePath successfully.
2024-12-10 17:17:47,676 [INFO]: Generated files for Red in directories 20241210171747\Red\ContainerAPI and 20241210171747\Red\RewritePath successfully.
2024-12-10 17:17:47,685 [INFO]: Generated files for Blue in directories 20241210171747\Blue\ContainerAPI and 20241210171747\Blue\RewritePath successfully.
2024-12-10 17:17:47,691 [INFO]: Generated files for Yellow in directories 20241210171747\Yellow\ContainerAPI and 20241210171747\Yellow\RewritePath successfully.
2024-12-10 17:17:47,701 [INFO]: Generated files for AWSYellow in directories 20241210171747\AWSYellow\ContainerAPI and 20241210171747\AWSYellow\RewritePath successfully.
2024-12-10 17:17:47,710 [INFO]: Generated files for Red in directories 20241210171747\Red\ContainerAPI and 20241210171747\Red\RewritePath successfully.
2024-12-10 17:17:47,719 [INFO]: Generated files for Blue in directories 20241210171747\Blue\ContainerAPI and 20241210171747\Blue\RewritePath successfully.
2024-12-10 17:17:47,725 [INFO]: Generated files for Yellow in directories 20241210171747\Yellow\ContainerAPI and 20241210171747\Yellow\RewritePath successfully.
2024-12-10 17:17:47,733 [INFO]: Generated files for AWSYellow in directories 20241210171747\AWSYellow\ContainerAPI and 20241210171747\AWSYellow\RewritePath successfully.
2024-12-10 17:17:47,744 [INFO]: Generated files for Red in directories 20241210171747\Red\ContainerAPI and 20241210171747\Red\RewritePath successfully.
2024-12-10 17:17:47,751 [INFO]: Generated files for Blue in directories 20241210171747\Blue\ContainerAPI and 20241210171747\Blue\RewritePath successfully.
2024-12-10 17:17:47,759 [INFO]: Generated files for Yellow in directories 20241210171747\Yellow\ContainerAPI and 20241210171747\Yellow\RewritePath successfully.
2024-12-10 17:17:47,767 [INFO]: Generated files for AWSYellow in directories 20241210171747\AWSYellow\ContainerAPI and 20241210171747\AWSYellow\RewritePath successfully.
2024-12-10 17:17:47,777 [INFO]: Generated files for Red in directories 20241210171747\Red\ContainerAPI and 20241210171747\Red\RewritePath successfully.
2024-12-10 17:17:47,785 [INFO]: Generated files for Blue in directories 20241210171747\Blue\ContainerAPI and 20241210171747\Blue\RewritePath successfully.
2024-12-10 17:17:47,794 [INFO]: Generated files for Yellow in directories 20241210171747\Yellow\ContainerAPI and 20241210171747\Yellow\RewritePath successfully.
2024-12-10 17:17:47,800 [INFO]: Generated files for AWSYellow in directories 20241210171747\AWSYellow\ContainerAPI and 20241210171747\AWSYellow\RewritePath successfully.
